

Microchip Technology PIC LITE Macro Assembler V1.21 build 54009 
                                                                                               Fri Jun 19 13:18:12 2015

Microchip Technology Omniscient Code Generator (Lite mode) build 54009
     1                           	processor	16F876A
     2                           	opt	pw 120
     3                           	opt	lm
     4                           	psect	idataBANK0,global,class=CODE,delta=2
     5                           	psect	cinit,global,class=CODE,merge=1,delta=2
     6                           	psect	dataBANK0,global,class=BANK0,space=1,delta=1
     7                           	psect	inittext,global,class=CODE,delta=2
     8                           	psect	cstackCOMMON,global,class=COMMON,space=1,delta=1
     9                           	psect	cstackBANK0,global,class=BANK0,space=1,delta=1
    10                           	psect	maintext,global,class=CODE,split=1,delta=2
    11                           	psect	text1,local,class=CODE,merge=1,delta=2
    12                           	psect	text2,local,class=CODE,merge=1,delta=2
    13                           	dabs	1,0x7E,2
    14  0000                     	;# 
    15  0001                     	;# 
    16  0002                     	;# 
    17  0003                     	;# 
    18  0004                     	;# 
    19  0005                     	;# 
    20  0006                     	;# 
    21  0007                     	;# 
    22  000A                     	;# 
    23  000B                     	;# 
    24  000C                     	;# 
    25  000D                     	;# 
    26  000E                     	;# 
    27  000E                     	;# 
    28  000F                     	;# 
    29  0010                     	;# 
    30  0011                     	;# 
    31  0012                     	;# 
    32  0013                     	;# 
    33  0014                     	;# 
    34  0015                     	;# 
    35  0015                     	;# 
    36  0016                     	;# 
    37  0017                     	;# 
    38  0018                     	;# 
    39  0019                     	;# 
    40  001A                     	;# 
    41  001B                     	;# 
    42  001B                     	;# 
    43  001C                     	;# 
    44  001D                     	;# 
    45  001E                     	;# 
    46  001F                     	;# 
    47  0081                     	;# 
    48  0085                     	;# 
    49  0086                     	;# 
    50  0087                     	;# 
    51  008C                     	;# 
    52  008D                     	;# 
    53  008E                     	;# 
    54  0091                     	;# 
    55  0092                     	;# 
    56  0093                     	;# 
    57  0094                     	;# 
    58  0098                     	;# 
    59  0099                     	;# 
    60  009C                     	;# 
    61  009D                     	;# 
    62  009E                     	;# 
    63  009F                     	;# 
    64  010C                     	;# 
    65  010D                     	;# 
    66  010E                     	;# 
    67  010F                     	;# 
    68  018C                     	;# 
    69  018D                     	;# 
    70                           
    71                           	psect	idataBANK0
    72  0734                     __pidataBANK0:	
    73                           
    74                           ;initializer for main@F986
    75  0734  347F               	retlw	127
    76  0735  340D               	retlw	13
    77  0736  34B7               	retlw	183
    78  0737  349F               	retlw	159
    79  0738  34CD               	retlw	205
    80  0739  34DB               	retlw	219
    81  073A  34FB               	retlw	251
    82  073B  340F               	retlw	15
    83  073C  34FF               	retlw	255
    84  073D  34DF               	retlw	223
    85  073E  34EF               	retlw	239
    86  073F  34F9               	retlw	249
    87  0740  3473               	retlw	115
    88  0741  34BD               	retlw	189
    89  0742  34F3               	retlw	243
    90  0743  34E3               	retlw	227
    91  0006                     _PORTB	set	6
    92  0019                     _TXREG	set	25
    93  0029                     _RA1	set	41
    94  002A                     _RA2	set	42
    95  002B                     _RA3	set	43
    96  00C7                     _SPEN	set	199
    97  0064                     _TXIF	set	100
    98  009F                     _ADCON1	set	159
    99  0099                     _SPBRG	set	153
   100  0085                     _TRISA	set	133
   101  0086                     _TRISB	set	134
   102  04C2                     _BRGH	set	1218
   103  04C4                     _SYNC	set	1220
   104  04C6                     _TX9	set	1222
   105  04C5                     _TXEN	set	1221
   106                           
   107                           ; #config settings
   108  0000                     
   109                           	psect	cinit
   110  07F0                     start_initialization:	
   111  07F0                     __initialization:	
   112                           
   113                           ; Initialize objects allocated to BANK0
   114  07F0  1383               	bcf	3,7	;select IRP bank0
   115  07F1  3042               	movlw	low (__pdataBANK0+16)
   116  07F2  00FD               	movwf	btemp+-1
   117  07F3  3007               	movlw	high __pidataBANK0
   118  07F4  00FE               	movwf	btemp
   119  07F5  3034               	movlw	low __pidataBANK0
   120  07F6  00FF               	movwf	btemp+1
   121  07F7  3032               	movlw	low __pdataBANK0
   122  07F8  0084               	movwf	4
   123  07F9  120A  118A  2748   	fcall	init_ram0
   124  07FC                     end_of_initialization:	
   125                           ;End of C runtime variable initialization code
   126                           
   127  07FC                     __end_of__initialization:	
   128  07FC  0183               	clrf	3
   129  07FD  120A  118A  2F89   	ljmp	_main	;jump to C main() function
   130                           
   131                           	psect	dataBANK0
   132  0032                     __pdataBANK0:	
   133  0032                     main@F986:	
   134  0032                     	ds	16
   135                           
   136                           	psect	inittext
   137  0744                     init_fetch0:	
   138                           ;	Called with low address in FSR and high address in W
   139                           
   140  0744  087E               	movf	126,w
   141  0745  008A               	movwf	10
   142  0746  087F               	movf	127,w
   143  0747  0082               	movwf	2
   144  0748                     init_ram0:	
   145                           ;Called with:
   146                           ;	high address of idata address in btemp 
   147                           ;	low address of idata address in btemp+1 
   148                           ;	low address of data in FSR
   149                           ;	high address + 1 of data in btemp-1
   150                           
   151  0748  2744  120A  118A   	fcall	init_fetch0
   152  074B  0080               	movwf	0
   153  074C  0A84               	incf	4,f
   154  074D  0804               	movf	4,w
   155  074E  067D               	xorwf	125,w
   156  074F  1903               	btfsc	3,2
   157  0750  3400               	retlw	0
   158  0751  0AFF               	incf	127,f
   159  0752  1903               	btfsc	3,2
   160  0753  0AFE               	incf	126,f
   161  0754  2F48               	goto	init_ram0
   162                           
   163                           	psect	cstackCOMMON
   164  0070                     __pcstackCOMMON:	
   165  0070                     ?_send_packet:	
   166  0070                     ?_main:	
   167                           ; 0 bytes @ 0x0
   168                           
   169  0070                     ?_uart_send:	
   170                           ; 0 bytes @ 0x0
   171                           
   172  0070                     ??_uart_send:	
   173                           ; 0 bytes @ 0x0
   174                           
   175  0070                     uart_send@data:	
   176                           ; 0 bytes @ 0x0
   177                           
   178                           
   179                           ; 1 bytes @ 0x0
   180  0070                     	ds	1
   181  0071                     ??_send_packet:	
   182                           
   183                           ; 0 bytes @ 0x1
   184  0071                     	ds	1
   185  0072                     send_packet@buffer:	
   186                           
   187                           ; 3 bytes @ 0x2
   188  0072                     	ds	3
   189  0075                     send_packet@data:	
   190                           
   191                           ; 1 bytes @ 0x5
   192  0075                     	ds	1
   193  0076                     send_packet@i:	
   194                           
   195                           ; 1 bytes @ 0x6
   196  0076                     	ds	1
   197  0077                     ??_main:	
   198                           
   199                           ; 0 bytes @ 0x7
   200  0077                     	ds	4
   201                           
   202                           	psect	cstackBANK0
   203  0020                     __pcstackBANK0:	
   204  0020                     main@_7seg:	
   205                           
   206                           ; 16 bytes @ 0x0
   207  0020                     	ds	16
   208  0030                     main@no:	
   209                           
   210                           ; 1 bytes @ 0x10
   211  0030                     	ds	1
   212  0031                     main@num:	
   213                           
   214                           ; 1 bytes @ 0x11
   215  0031                     	ds	1
   216                           
   217                           	psect	maintext
   218  0789                     __pmaintext:	
   219 ;;
   220 ;;Main: autosize = 0, tempsize = 4, incstack = 0, save=0
   221 ;;
   222 ;; *************** function _main *****************
   223 ;; Defined at:
   224 ;;		line 52 in file "../../Source file/PR16TX.c"
   225 ;; Parameters:    Size  Location     Type
   226 ;;		None
   227 ;; Auto vars:     Size  Location     Type
   228 ;;  _7seg          16    0[BANK0 ] unsigned char [16]
   229 ;;  num             1   17[BANK0 ] unsigned char 
   230 ;;  no              1   16[BANK0 ] unsigned char 
   231 ;; Return value:  Size  Location     Type
   232 ;;		None               void
   233 ;; Registers used:
   234 ;;		wreg, fsr0l, fsr0h, status,2, status,0, pclath, cstack
   235 ;; Tracked objects:
   236 ;;		On entry : 17F/0
   237 ;;		On exit  : 0/0
   238 ;;		Unchanged: 0/0
   239 ;; Data sizes:     COMMON   BANK0   BANK1   BANK3   BANK2
   240 ;;      Params:         0       0       0       0       0
   241 ;;      Locals:         0      18       0       0       0
   242 ;;      Temps:          4       0       0       0       0
   243 ;;      Totals:         4      18       0       0       0
   244 ;;Total ram usage:       22 bytes
   245 ;; Hardware stack levels required when called:    2
   246 ;; This function calls:
   247 ;;		_send_packet
   248 ;; This function is called by:
   249 ;;		Startup code after reset
   250 ;; This function uses a non-reentrant model
   251 ;;
   252                           
   253                           
   254                           ;psect for function _main
   255  0789                     _main:	
   256                           
   257                           ;PR16TX.c: 54: unsigned char num,no;
   258                           ;PR16TX.c: 56: unsigned char _7seg[16]={0b01111111,0b00001101,0b10110111,0b10011111,
   259                           ;PR16TX.c: 57: 0b11001101,0b11011011,0b11111011,0b00001111,
   260                           ;PR16TX.c: 58: 0b11111111,0b11011111,0b11101111,0b11111001,
   261                           ;PR16TX.c: 59: 0b01110011,0b10111101,0b11110011,0b11100011};
   262                           
   263                           ;incstack = 0
   264                           ; Regs used in _main: [wreg-fsr0h+status,2+status,0+pclath+cstack]
   265  0789  3020               	movlw	main@_7seg& (0+255)
   266  078A  0084               	movwf	4
   267  078B  3032               	movlw	low main@F986
   268  078C  00F7               	movwf	??_main
   269  078D  0804               	movf	4,w
   270  078E  00F8               	movwf	??_main+1
   271  078F  3010               	movlw	16
   272  0790  00F9               	movwf	??_main+2
   273  0791                     u200:	
   274  0791  0877               	movf	??_main,w
   275  0792  0084               	movwf	4
   276  0793  1383               	bcf	3,7	;select IRP bank0
   277  0794  0800               	movf	0,w
   278  0795  00FA               	movwf	??_main+3
   279  0796  0AF7               	incf	??_main,f
   280  0797  0878               	movf	??_main+1,w
   281  0798  0084               	movwf	4
   282  0799  087A               	movf	??_main+3,w
   283  079A  0080               	movwf	0
   284  079B  0AF8               	incf	??_main+1,f
   285  079C  0BF9               	decfsz	??_main+2,f
   286  079D  2F91               	goto	u200
   287                           
   288                           ;PR16TX.c: 61: ADCON1= 0x06;
   289  079E  3006               	movlw	6
   290  079F  1683               	bsf	3,5	;RP0=1, select bank1
   291  07A0  1303               	bcf	3,6	;RP1=0, select bank1
   292  07A1  009F               	movwf	31	;volatile
   293                           
   294                           ;PR16TX.c: 63: TRISA = 0b111111;
   295  07A2  303F               	movlw	63
   296  07A3  0085               	movwf	5	;volatile
   297                           
   298                           ;PR16TX.c: 64: TRISB = 0b00000000;
   299  07A4  0186               	clrf	6	;volatile
   300                           
   301                           ;PR16TX.c: 67: BRGH = 0;
   302  07A5  1118               	bcf	24,2	;volatile
   303                           
   304                           ;PR16TX.c: 68: SPBRG = 255;
   305  07A6  30FF               	movlw	255
   306  07A7  0099               	movwf	25	;volatile
   307                           
   308                           ;PR16TX.c: 69: TX9 = 0;
   309  07A8  1318               	bcf	24,6	;volatile
   310                           
   311                           ;PR16TX.c: 70: TXEN = 1;
   312  07A9  1698               	bsf	24,5	;volatile
   313                           
   314                           ;PR16TX.c: 71: SYNC = 0;
   315  07AA  1218               	bcf	24,4	;volatile
   316                           
   317                           ;PR16TX.c: 73: SPEN = 1;
   318  07AB  1283               	bcf	3,5	;RP0=0, select bank0
   319  07AC  1303               	bcf	3,6	;RP1=0, select bank0
   320  07AD  1798               	bsf	24,7	;volatile
   321                           
   322                           ;PR16TX.c: 75: num=0;
   323  07AE  01B1               	clrf	main@num
   324                           
   325                           ;PR16TX.c: 76: no=0;
   326  07AF  01B0               	clrf	main@no
   327                           
   328                           ;PR16TX.c: 77: PORTB=_7seg[num];
   329  07B0  0831               	movf	main@num,w
   330  07B1  3E20               	addlw	main@_7seg& (0+255)
   331  07B2  0084               	movwf	4
   332  07B3  0800               	movf	0,w
   333  07B4  0086               	movwf	6	;volatile
   334  07B5                     l666:	
   335                           ;PR16TX.c: 79: while(1)
   336                           
   337                           
   338                           ;PR16TX.c: 80: {
   339                           ;PR16TX.c: 81: if(RA1==0)
   340  07B5  1283               	bcf	3,5	;RP0=0, select bank0
   341  07B6  1303               	bcf	3,6	;RP1=0, select bank0
   342  07B7  1885               	btfsc	5,1	;volatile
   343  07B8  2FCC               	goto	l38
   344                           
   345                           ;PR16TX.c: 82: {
   346                           ;PR16TX.c: 83: if(num==15) num=0;
   347  07B9  0831               	movf	main@num,w
   348  07BA  3A0F               	xorlw	15
   349  07BB  1D03               	skipz
   350  07BC  2FBF               	goto	l672
   351  07BD  01B1               	clrf	main@num
   352  07BE  2FC3               	goto	l674
   353  07BF                     l672:	
   354                           
   355                           ;PR16TX.c: 84: else num+=1;
   356  07BF  3001               	movlw	1
   357  07C0  00F7               	movwf	??_main
   358  07C1  0877               	movf	??_main,w
   359  07C2  07B1               	addwf	main@num,f
   360  07C3                     l674:	
   361                           
   362                           ;PR16TX.c: 86: PORTB=_7seg[num];
   363  07C3  0831               	movf	main@num,w
   364  07C4  3E20               	addlw	main@_7seg& (0+255)
   365  07C5  0084               	movwf	4
   366  07C6  1383               	bcf	3,7	;select IRP bank0
   367  07C7  0800               	movf	0,w
   368  07C8  0086               	movwf	6	;volatile
   369  07C9                     l41:	
   370                           ;PR16TX.c: 88: while(RA1==0);
   371                           
   372  07C9  1885               	btfsc	5,1	;volatile
   373  07CA  2FE9               	goto	l686
   374  07CB  2FC9               	goto	l41
   375  07CC                     l38:	
   376                           ;PR16TX.c: 89: }
   377                           
   378                           
   379                           ;PR16TX.c: 91: else if(RA2==0)
   380  07CC  1905               	btfsc	5,2	;volatile
   381  07CD  2FE1               	goto	l45
   382                           
   383                           ;PR16TX.c: 92: {
   384                           ;PR16TX.c: 93: if(num==0) num=15;
   385  07CE  08B1               	movf	main@num,f
   386  07CF  1D03               	skipz
   387  07D0  2FD6               	goto	l680
   388  07D1  300F               	movlw	15
   389  07D2  00F7               	movwf	??_main
   390  07D3  0877               	movf	??_main,w
   391  07D4  00B1               	movwf	main@num
   392  07D5  2FD8               	goto	l682
   393  07D6                     l680:	
   394                           
   395                           ;PR16TX.c: 94: else num-=1;
   396  07D6  3001               	movlw	1
   397  07D7  02B1               	subwf	main@num,f
   398  07D8                     l682:	
   399                           
   400                           ;PR16TX.c: 96: PORTB=_7seg[num];
   401  07D8  0831               	movf	main@num,w
   402  07D9  3E20               	addlw	main@_7seg& (0+255)
   403  07DA  0084               	movwf	4
   404  07DB  1383               	bcf	3,7	;select IRP bank0
   405  07DC  0800               	movf	0,w
   406  07DD  0086               	movwf	6	;volatile
   407  07DE                     l48:	
   408                           ;PR16TX.c: 98: while(RA2==0);
   409                           
   410  07DE  1905               	btfsc	5,2	;volatile
   411  07DF  2FE9               	goto	l686
   412  07E0  2FDE               	goto	l48
   413  07E1                     l45:	
   414                           ;PR16TX.c: 99: }
   415                           
   416                           
   417                           ;PR16TX.c: 101: else if(RA3==0)
   418  07E1  1985               	btfsc	5,3	;volatile
   419  07E2  2FE9               	goto	l686
   420                           
   421                           ;PR16TX.c: 102: {
   422                           ;PR16TX.c: 103: no=num;
   423  07E3  0831               	movf	main@num,w
   424  07E4  00F7               	movwf	??_main
   425  07E5  0877               	movf	??_main,w
   426  07E6  00B0               	movwf	main@no
   427  07E7                     l53:	
   428                           ;PR16TX.c: 104: while(RA3==0);
   429                           
   430  07E7  1D85               	btfss	5,3	;volatile
   431  07E8  2FE7               	goto	l53
   432  07E9                     l686:	
   433                           
   434                           ;PR16TX.c: 105: }
   435                           ;PR16TX.c: 108: send_packet(no);
   436  07E9  0830               	movf	main@no,w
   437  07EA  120A  118A  2755   	fcall	_send_packet
      +       120A  118A         
   438  07EF  2FB5               	goto	l666
   439  07F0                     __end_of_main:	
   440                           
   441                           	psect	text1
   442  0755                     __ptext1:	
   443 ;; *************** function _send_packet *****************
   444 ;; Defined at:
   445 ;;		line 123 in file "../../Source file/PR16TX.c"
   446 ;; Parameters:    Size  Location     Type
   447 ;;  data            1    wreg     unsigned char 
   448 ;; Auto vars:     Size  Location     Type
   449 ;;  data            1    5[COMMON] unsigned char 
   450 ;;  buffer          3    2[COMMON] unsigned char [3]
   451 ;;  i               1    6[COMMON] unsigned char 
   452 ;; Return value:  Size  Location     Type
   453 ;;		None               void
   454 ;; Registers used:
   455 ;;		wreg, fsr0l, fsr0h, status,2, status,0, pclath, cstack
   456 ;; Tracked objects:
   457 ;;		On entry : 0/0
   458 ;;		On exit  : 0/0
   459 ;;		Unchanged: 0/0
   460 ;; Data sizes:     COMMON   BANK0   BANK1   BANK3   BANK2
   461 ;;      Params:         0       0       0       0       0
   462 ;;      Locals:         5       0       0       0       0
   463 ;;      Temps:          1       0       0       0       0
   464 ;;      Totals:         6       0       0       0       0
   465 ;;Total ram usage:        6 bytes
   466 ;; Hardware stack levels used:    1
   467 ;; Hardware stack levels required when called:    1
   468 ;; This function calls:
   469 ;;		_uart_send
   470 ;; This function is called by:
   471 ;;		_main
   472 ;; This function uses a non-reentrant model
   473 ;;
   474                           
   475                           
   476                           ;psect for function _send_packet
   477  0755                     _send_packet:	
   478                           
   479                           ;incstack = 0
   480                           ; Regs used in _send_packet: [wreg-fsr0h+status,2+status,0+pclath+cstack]
   481                           ;send_packet@data stored from wreg
   482  0755  00F5               	movwf	send_packet@data
   483                           
   484                           ;PR16TX.c: 124: unsigned char i;
   485                           ;PR16TX.c: 127: unsigned char buffer[3];
   486                           ;PR16TX.c: 130: buffer[0] = 0xaa;
   487  0756  30AA               	movlw	170
   488  0757  00F1               	movwf	??_send_packet
   489  0758  0871               	movf	??_send_packet,w
   490  0759  00F2               	movwf	send_packet@buffer
   491                           
   492                           ;PR16TX.c: 133: buffer[1] = data;
   493  075A  0875               	movf	send_packet@data,w
   494  075B  00F1               	movwf	??_send_packet
   495  075C  0871               	movf	??_send_packet,w
   496  075D  00F3               	movwf	send_packet@buffer+1
   497                           
   498                           ;PR16TX.c: 136: buffer[2] = (unsigned char)(0xaa + data);
   499  075E  0875               	movf	send_packet@data,w
   500  075F  3EAA               	addlw	170
   501  0760  00F1               	movwf	??_send_packet
   502  0761  0871               	movf	??_send_packet,w
   503  0762  00F4               	movwf	send_packet@buffer+2
   504                           
   505                           ;PR16TX.c: 139: for (i = 0; i < 7; i++) uart_send(0x00);
   506  0763  01F6               	clrf	send_packet@i
   507  0764  3007               	movlw	7
   508  0765  0276               	subwf	send_packet@i,w
   509  0766  1803               	btfsc	3,0
   510  0767  2F76               	goto	l628
   511  0768                     l622:	
   512  0768  3000               	movlw	0
   513  0769  120A  118A  272C   	fcall	_uart_send
      +       120A  118A         
   514  076E  3001               	movlw	1
   515  076F  00F1               	movwf	??_send_packet
   516  0770  0871               	movf	??_send_packet,w
   517  0771  07F6               	addwf	send_packet@i,f
   518  0772  3007               	movlw	7
   519  0773  0276               	subwf	send_packet@i,w
   520  0774  1C03               	skipc
   521  0775  2F68               	goto	l622
   522  0776                     l628:	
   523                           
   524                           ;PR16TX.c: 142: for (i = 0; i < 3; i++) uart_send(buffer[i]);
   525  0776  01F6               	clrf	send_packet@i
   526  0777                     L1:	
   527  0777  3003               	movlw	3
   528  0778  0276               	subwf	send_packet@i,w
   529  0779  1803               	btfsc	3,0
   530  077A  0008               	return
   531  077B  0876               	movf	send_packet@i,w
   532  077C  3E72               	addlw	send_packet@buffer& (0+255)
   533  077D  0084               	movwf	4
   534  077E  0800               	movf	0,w
   535  077F  120A  118A  272C   	fcall	_uart_send
      +       120A  118A         
   536  0784  3001               	movlw	1
   537  0785  00F1               	movwf	??_send_packet
   538  0786  0871               	movf	??_send_packet,w
   539  0787  07F6               	addwf	send_packet@i,f
   540  0788  2F77               	goto	L1
   541  0789                     __end_of_send_packet:	
   542                           
   543                           	psect	text2
   544  072C                     __ptext2:	
   545 ;; *************** function _uart_send *****************
   546 ;; Defined at:
   547 ;;		line 116 in file "../../Source file/PR16TX.c"
   548 ;; Parameters:    Size  Location     Type
   549 ;;  data            1    wreg     unsigned char 
   550 ;; Auto vars:     Size  Location     Type
   551 ;;  data            1    0[COMMON] unsigned char 
   552 ;; Return value:  Size  Location     Type
   553 ;;		None               void
   554 ;; Registers used:
   555 ;;		wreg
   556 ;; Tracked objects:
   557 ;;		On entry : 0/0
   558 ;;		On exit  : 0/0
   559 ;;		Unchanged: 0/0
   560 ;; Data sizes:     COMMON   BANK0   BANK1   BANK3   BANK2
   561 ;;      Params:         0       0       0       0       0
   562 ;;      Locals:         1       0       0       0       0
   563 ;;      Temps:          0       0       0       0       0
   564 ;;      Totals:         1       0       0       0       0
   565 ;;Total ram usage:        1 bytes
   566 ;; Hardware stack levels used:    1
   567 ;; This function calls:
   568 ;;		Nothing
   569 ;; This function is called by:
   570 ;;		_send_packet
   571 ;; This function uses a non-reentrant model
   572 ;;
   573                           
   574                           
   575                           ;psect for function _uart_send
   576  072C                     _uart_send:	
   577                           
   578                           ;incstack = 0
   579                           ; Regs used in _uart_send: [wreg]
   580                           ;uart_send@data stored from wreg
   581  072C  00F0               	movwf	uart_send@data
   582  072D                     l61:	
   583                           ;PR16TX.c: 117: while(TXIF==0);
   584                           
   585  072D  1283               	bcf	3,5	;RP0=0, select bank0
   586  072E  1303               	bcf	3,6	;RP1=0, select bank0
   587  072F  1E0C               	btfss	12,4	;volatile
   588  0730  2F2D               	goto	l61
   589                           
   590                           ;PR16TX.c: 118: TXREG=data;
   591  0731  0870               	movf	uart_send@data,w
   592  0732  0099               	movwf	25	;volatile
   593  0733  0008               	return
   594  0734                     __end_of_uart_send:	
   595  007E                     btemp	set	126	;btemp
   596  007E                     wtemp0	set	126


Data Sizes:
    Strings     0
    Constant    0
    Data        16
    BSS         0
    Persistent  0
    Stack       0

Auto Spaces:
    Space          Size  Autos    Used
    COMMON           14     11      11
    BANK0            80     18      34
    BANK1            80      0       0
    BANK3            96      0       0
    BANK2            96      0       0

Pointer List with Targets:

    None.

Critical Paths under _main in COMMON

    _main->_send_packet
    _send_packet->_uart_send

Critical Paths under _main in BANK0

    None.

Critical Paths under _main in BANK1

    None.

Critical Paths under _main in BANK3

    None.

Critical Paths under _main in BANK2

    None.

Call Graph Tables:

 ---------------------------------------------------------------------------------
 (Depth) Function   	        Calls       Base Space   Used Autos Params    Refs
 ---------------------------------------------------------------------------------
 (0) _main                                                22    22      0     483
                                              7 COMMON     4     4      0
                                              0 BANK0     18    18      0
                        _send_packet
 ---------------------------------------------------------------------------------
 (1) _send_packet                                          6     6      0     252
                                              1 COMMON     6     6      0
                          _uart_send
 ---------------------------------------------------------------------------------
 (2) _uart_send                                            1     1      0      22
                                              0 COMMON     1     1      0
 ---------------------------------------------------------------------------------
 Estimated maximum stack depth 2
 ---------------------------------------------------------------------------------

 Call Graph Graphs:

 _main (ROOT)
   _send_packet
     _uart_send

 Address spaces:
Name               Size   Autos  Total    Cost      Usage
BANK3               60      0       0       9        0.0%
BITBANK3            60      0       0       8        0.0%
SFR3                 0      0       0       4        0.0%
BITSFR3              0      0       0       4        0.0%
BANK2               60      0       0      11        0.0%
BITBANK2            60      0       0      10        0.0%
SFR2                 0      0       0       5        0.0%
BITSFR2              0      0       0       5        0.0%
BANK1               50      0       0       7        0.0%
BITBANK1            50      0       0       6        0.0%
SFR1                 0      0       0       2        0.0%
BITSFR1              0      0       0       2        0.0%
BANK0               50     12      22       5       42.5%
BITBANK0            50      0       0       4        0.0%
SFR0                 0      0       0       1        0.0%
BITSFR0              0      0       0       1        0.0%
COMMON               E      B       B       1       78.6%
BITCOMMON            E      0       0       0        0.0%
CODE                 0      0       0       0        0.0%
DATA                 0      0      2F      12        0.0%
ABS                  0      0      2D       3        0.0%
NULL                 0      0       0       0        0.0%
STACK                0      0       2       2        0.0%
EEDATA             100      0       0       0        0.0%


Microchip Technology PIC Macro Assembler V1.21 build 54009 
Symbol Table                                                                                   Fri Jun 19 13:18:12 2015

                      pc 0002              __CFG_CP$OFF 0000                       l41 07C9  
                     l61 072D                       l53 07E7                       l45 07E1  
                     l38 07CC                       l48 07DE                       fsr 0004  
                    l622 0768                      l628 0776                      l680 07D6  
                    l672 07BF                      l682 07D8                      l674 07C3  
                    l666 07B5                      l686 07E9                      _RA1 0029  
                    _RA2 002A                      _RA3 002B                      u200 0791  
           __CFG_CPD$OFF 0000                      _TX9 04C6                      fsr0 0004  
                    indf 0000             __CFG_FOSC$HS 0000             __CFG_LVP$OFF 0000  
                   _BRGH 04C2                     _SPEN 00C7                     _TXEN 04C5  
                   _TXIF 0064                     _SYNC 04C4             __CFG_WRT$OFF 0000  
                   _main 0789                     btemp 007E                     start 0000  
                  ?_main 0070            __CFG_WDTE$OFF 0000           __CFG_DEBUG$OFF 0000  
                  _SPBRG 0099                    _PORTB 0006                    _TRISA 0085  
                  _TRISB 0086                    _TXREG 0019            __CFG_PWRTE$ON 0000  
        send_packet@data 0075           __CFG_BOREN$OFF 0000                    pclath 000A  
                  status 0003                    wtemp0 007E          __initialization 07F0  
           __end_of_main 07F0                   ??_main 0077                   _ADCON1 009F  
           ?_send_packet 0070                   main@no 0030  __end_of__initialization 07FC  
         __pcstackCOMMON 0070             __pidataBANK0 0734               __pmaintext 0789  
     __size_of_uart_send 0008     __size_of_send_packet 0034                  __ptext1 0755  
                __ptext2 072C        send_packet@buffer 0072                  main@num 0031  
   end_of_initialization 07FC        __end_of_uart_send 0734      start_initialization 07F0  
             init_fetch0 0744              __pdataBANK0 0032            __pcstackBANK0 0020  
          ??_send_packet 0071                _uart_send 072C                main@_7seg 0020  
           send_packet@i 0076      __end_of_send_packet 0789               ?_uart_send 0070  
          __size_of_main 0067                 main@F986 0032                 init_ram0 0748  
            _send_packet 0755              ??_uart_send 0070            uart_send@data 0070  
